<?xml version="1.0" encoding="UTF-8"?>
<coverage generated="1714767881448" clover="3.2.0">
  <project timestamp="1714767881448" name="All files">
    <metrics statements="37" coveredstatements="37" conditionals="10" coveredconditionals="10" methods="14" coveredmethods="13" elements="61" coveredelements="60" complexity="0" loc="37" ncloc="37" packages="1" files="2" classes="2"/>
    <file name="script.js" path="C:\repositories\courses\codeinstitute\pp4\pp4\static\js\script.js">
      <metrics statements="25" coveredstatements="25" conditionals="5" coveredconditionals="5" methods="5" coveredmethods="4"/>
      <line num="7" count="1" type="stmt"/>
      <line num="8" count="2" type="stmt"/>
      <line num="9" count="2" type="stmt"/>
      <line num="10" count="2" type="stmt"/>
      <line num="11" count="2" type="cond" truecount="2" falsecount="0"/>
      <line num="12" count="1" type="stmt"/>
      <line num="13" count="1" type="stmt"/>
      <line num="14" count="1" type="stmt"/>
      <line num="16" count="1" type="stmt"/>
      <line num="17" count="1" type="stmt"/>
      <line num="18" count="1" type="stmt"/>
      <line num="27" count="1" type="stmt"/>
      <line num="28" count="1" type="stmt"/>
      <line num="29" count="1" type="stmt"/>
      <line num="30" count="1" type="stmt"/>
      <line num="32" count="1" type="stmt"/>
      <line num="34" count="1" type="stmt"/>
      <line num="35" count="1" type="stmt"/>
      <line num="36" count="1" type="stmt"/>
      <line num="37" count="1" type="stmt"/>
      <line num="39" count="1" type="stmt"/>
      <line num="40" count="1" type="stmt"/>
      <line num="41" count="1" type="stmt"/>
      <line num="42" count="1" type="stmt"/>
      <line num="46" count="1" type="cond" truecount="3" falsecount="0"/>
    </file>
    <file name="toast.js" path="C:\repositories\courses\codeinstitute\pp4\pp4\static\js\toast.js">
      <metrics statements="12" coveredstatements="12" conditionals="5" coveredconditionals="5" methods="9" coveredmethods="9"/>
      <line num="5" count="1" type="stmt"/>
      <line num="22" count="2" type="stmt"/>
      <line num="23" count="2" type="stmt"/>
      <line num="26" count="3" type="stmt"/>
      <line num="28" count="4" type="stmt"/>
      <line num="29" count="1" type="cond" truecount="2" falsecount="0"/>
      <line num="32" count="3" type="stmt"/>
      <line num="33" count="3" type="stmt"/>
      <line num="36" count="4" type="stmt"/>
      <line num="39" count="1" type="stmt"/>
      <line num="41" count="1" type="stmt"/>
      <line num="49" count="1" type="cond" truecount="3" falsecount="0"/>
    </file>
  </project>
</coverage>
