<?xml version="1.0" encoding="UTF-8"?>
<coverage generated="1713689585911" clover="3.2.0">
  <project timestamp="1713689585911" name="All files">
    <metrics statements="24" coveredstatements="24" conditionals="6" coveredconditionals="5" methods="6" coveredmethods="4" elements="36" coveredelements="33" complexity="0" loc="24" ncloc="24" packages="1" files="1" classes="1"/>
    <file name="script.js" path="C:\repositories\courses\codeinstitute\pp4\pp4\staticfiles\js\script.js">
      <metrics statements="24" coveredstatements="24" conditionals="6" coveredconditionals="5" methods="6" coveredmethods="4"/>
      <line num="1" count="1" type="stmt"/>
      <line num="2" count="2" type="stmt"/>
      <line num="3" count="2" type="stmt"/>
      <line num="4" count="2" type="stmt"/>
      <line num="5" count="2" type="cond" truecount="2" falsecount="0"/>
      <line num="6" count="1" type="stmt"/>
      <line num="7" count="1" type="stmt"/>
      <line num="8" count="1" type="stmt"/>
      <line num="10" count="1" type="stmt"/>
      <line num="11" count="1" type="stmt"/>
      <line num="12" count="1" type="stmt"/>
      <line num="16" count="1" type="stmt"/>
      <line num="17" count="1" type="stmt"/>
      <line num="18" count="1" type="stmt"/>
      <line num="19" count="1" type="stmt"/>
      <line num="21" count="1" type="stmt"/>
      <line num="23" count="1" type="stmt"/>
      <line num="24" count="1" type="stmt"/>
      <line num="25" count="1" type="stmt"/>
      <line num="28" count="1" type="stmt"/>
      <line num="29" count="1" type="stmt"/>
      <line num="30" count="1" type="stmt"/>
      <line num="34" count="1" type="cond" truecount="3" falsecount="1"/>
      <line num="35" count="1" type="stmt"/>
    </file>
  </project>
</coverage>
