{"C:\\repositories\\courses\\codeinstitute\\pp4\\pp4\\static\\js\\script.js": {"path":"C:\\repositories\\courses\\codeinstitute\\pp4\\pp4\\static\\js\\script.js","statementMap":{"0":{"start":{"line":7,"column":22},"end":{"line":20,"column":1}},"1":{"start":{"line":8,"column":18},"end":{"line":8,"column":49}},"2":{"start":{"line":9,"column":19},"end":{"line":9,"column":52}},"3":{"start":{"line":10,"column":4},"end":{"line":10,"column":77}},"4":{"start":{"line":10,"column":21},"end":{"line":10,"column":69}},"5":{"start":{"line":11,"column":4},"end":{"line":19,"column":5}},"6":{"start":{"line":12,"column":8},"end":{"line":12,"column":45}},"7":{"start":{"line":13,"column":8},"end":{"line":13,"column":40}},"8":{"start":{"line":14,"column":8},"end":{"line":14,"column":32}},"9":{"start":{"line":16,"column":8},"end":{"line":16,"column":43}},"10":{"start":{"line":17,"column":8},"end":{"line":17,"column":42}},"11":{"start":{"line":18,"column":8},"end":{"line":18,"column":31}},"12":{"start":{"line":27,"column":21},"end":{"line":44,"column":1}},"13":{"start":{"line":28,"column":19},"end":{"line":28,"column":35}},"14":{"start":{"line":29,"column":4},"end":{"line":29,"column":81}},"15":{"start":{"line":29,"column":26},"end":{"line":29,"column":80}},"16":{"start":{"line":30,"column":4},"end":{"line":30,"column":48}},"17":{"start":{"line":32,"column":19},"end":{"line":32,"column":52}},"18":{"start":{"line":34,"column":4},"end":{"line":34,"column":58}},"19":{"start":{"line":35,"column":4},"end":{"line":35,"column":41}},"20":{"start":{"line":36,"column":4},"end":{"line":36,"column":27}},"21":{"start":{"line":37,"column":4},"end":{"line":37,"column":17}},"22":{"start":{"line":39,"column":4},"end":{"line":43,"column":13}},"23":{"start":{"line":40,"column":8},"end":{"line":40,"column":47}},"24":{"start":{"line":41,"column":8},"end":{"line":41,"column":44}},"25":{"start":{"line":42,"column":8},"end":{"line":42,"column":23}},"26":{"start":{"line":46,"column":0},"end":{"line":46,"column":102}}},"fnMap":{"0":{"name":"(anonymous_0)","decl":{"start":{"line":7,"column":22},"end":{"line":7,"column":23}},"loc":{"start":{"line":7,"column":28},"end":{"line":20,"column":1}},"line":7},"1":{"name":"(anonymous_1)","decl":{"start":{"line":10,"column":15},"end":{"line":10,"column":16}},"loc":{"start":{"line":10,"column":21},"end":{"line":10,"column":69}},"line":10},"2":{"name":"(anonymous_2)","decl":{"start":{"line":27,"column":21},"end":{"line":27,"column":22}},"loc":{"start":{"line":27,"column":30},"end":{"line":44,"column":1}},"line":27},"3":{"name":"(anonymous_3)","decl":{"start":{"line":29,"column":20},"end":{"line":29,"column":21}},"loc":{"start":{"line":29,"column":26},"end":{"line":29,"column":80}},"line":29},"4":{"name":"(anonymous_4)","decl":{"start":{"line":39,"column":15},"end":{"line":39,"column":16}},"loc":{"start":{"line":39,"column":21},"end":{"line":43,"column":5}},"line":39}},"branchMap":{"0":{"loc":{"start":{"line":11,"column":4},"end":{"line":19,"column":5}},"type":"if","locations":[{"start":{"line":11,"column":4},"end":{"line":19,"column":5}},{"start":{"line":15,"column":11},"end":{"line":19,"column":5}}],"line":11},"1":{"loc":{"start":{"line":46,"column":0},"end":{"line":46,"column":101}},"type":"binary-expr","locations":[{"start":{"line":46,"column":1},"end":{"line":46,"column":30}},{"start":{"line":46,"column":34},"end":{"line":46,"column":48}},{"start":{"line":46,"column":54},"end":{"line":46,"column":100}}],"line":46}},"s":{"0":1,"1":2,"2":2,"3":2,"4":2,"5":2,"6":1,"7":1,"8":1,"9":1,"10":1,"11":1,"12":1,"13":1,"14":1,"15":0,"16":1,"17":1,"18":1,"19":1,"20":1,"21":1,"22":1,"23":1,"24":1,"25":1,"26":1},"f":{"0":2,"1":2,"2":1,"3":0,"4":1},"b":{"0":[1,1],"1":[1,1,1]},"_coverageSchema":"1a1c01bbd47fc00a2c39e90264f33305004495a9","hash":"1e9284742480913ca29d97f7411ed4ea23e9a146"}
,"C:\\repositories\\courses\\codeinstitute\\pp4\\pp4\\static\\js\\toast.js": {"path":"C:\\repositories\\courses\\codeinstitute\\pp4\\pp4\\static\\js\\toast.js","statementMap":{"0":{"start":{"line":5,"column":14},"end":{"line":47,"column":1}},"1":{"start":{"line":22,"column":35},"end":{"line":22,"column":87}},"2":{"start":{"line":23,"column":31},"end":{"line":23,"column":59}},"3":{"start":{"line":26,"column":27},"end":{"line":26,"column":96}},"4":{"start":{"line":28,"column":36},"end":{"line":29,"column":93}},"5":{"start":{"line":29,"column":8},"end":{"line":29,"column":92}},"6":{"start":{"line":32,"column":8},"end":{"line":32,"column":41}},"7":{"start":{"line":33,"column":8},"end":{"line":33,"column":53}},"8":{"start":{"line":36,"column":33},"end":{"line":36,"column":72}},"9":{"start":{"line":36,"column":61},"end":{"line":36,"column":71}},"10":{"start":{"line":39,"column":8},"end":{"line":39,"column":70}},"11":{"start":{"line":41,"column":8},"end":{"line":45,"column":18}},"12":{"start":{"line":49,"column":0},"end":{"line":49,"column":78}}},"fnMap":{"0":{"name":"(anonymous_0)","decl":{"start":{"line":22,"column":21},"end":{"line":22,"column":22}},"loc":{"start":{"line":22,"column":35},"end":{"line":22,"column":87}},"line":22},"1":{"name":"(anonymous_1)","decl":{"start":{"line":23,"column":17},"end":{"line":23,"column":18}},"loc":{"start":{"line":23,"column":31},"end":{"line":23,"column":59}},"line":23},"2":{"name":"(anonymous_2)","decl":{"start":{"line":26,"column":16},"end":{"line":26,"column":17}},"loc":{"start":{"line":26,"column":27},"end":{"line":26,"column":96}},"line":26},"3":{"name":"(anonymous_3)","decl":{"start":{"line":28,"column":30},"end":{"line":28,"column":31}},"loc":{"start":{"line":28,"column":36},"end":{"line":29,"column":93}},"line":28},"4":{"name":"(anonymous_4)","decl":{"start":{"line":28,"column":87},"end":{"line":28,"column":88}},"loc":{"start":{"line":29,"column":8},"end":{"line":29,"column":92}},"line":29},"5":{"name":"(anonymous_5)","decl":{"start":{"line":31,"column":14},"end":{"line":31,"column":15}},"loc":{"start":{"line":31,"column":26},"end":{"line":34,"column":5}},"line":31},"6":{"name":"(anonymous_6)","decl":{"start":{"line":36,"column":23},"end":{"line":36,"column":24}},"loc":{"start":{"line":36,"column":33},"end":{"line":36,"column":72}},"line":36},"7":{"name":"(anonymous_7)","decl":{"start":{"line":36,"column":56},"end":{"line":36,"column":57}},"loc":{"start":{"line":36,"column":61},"end":{"line":36,"column":71}},"line":36},"8":{"name":"(anonymous_8)","decl":{"start":{"line":38,"column":10},"end":{"line":38,"column":11}},"loc":{"start":{"line":38,"column":16},"end":{"line":46,"column":5}},"line":38}},"branchMap":{"0":{"loc":{"start":{"line":29,"column":8},"end":{"line":29,"column":92}},"type":"binary-expr","locations":[{"start":{"line":29,"column":8},"end":{"line":29,"column":40}},{"start":{"line":29,"column":44},"end":{"line":29,"column":92}}],"line":29},"1":{"loc":{"start":{"line":49,"column":0},"end":{"line":49,"column":77}},"type":"binary-expr","locations":[{"start":{"line":49,"column":1},"end":{"line":49,"column":30}},{"start":{"line":49,"column":34},"end":{"line":49,"column":48}},{"start":{"line":49,"column":54},"end":{"line":49,"column":76}}],"line":49}},"s":{"0":1,"1":2,"2":2,"3":3,"4":4,"5":1,"6":3,"7":3,"8":2,"9":4,"10":1,"11":1,"12":1},"f":{"0":2,"1":2,"2":3,"3":4,"4":1,"5":3,"6":2,"7":4,"8":1},"b":{"0":[1,1],"1":[1,1,1]},"_coverageSchema":"1a1c01bbd47fc00a2c39e90264f33305004495a9","hash":"e97d3eaae1cf308a0125b35be03a1267d0be4e8d"}
}
