{"C:\\repositories\\courses\\codeinstitute\\pp4\\pp4\\staticfiles\\js\\script.js": {"path":"C:\\repositories\\courses\\codeinstitute\\pp4\\pp4\\staticfiles\\js\\script.js","statementMap":{"0":{"start":{"line":1,"column":22},"end":{"line":14,"column":1}},"1":{"start":{"line":2,"column":18},"end":{"line":2,"column":49}},"2":{"start":{"line":3,"column":19},"end":{"line":3,"column":52}},"3":{"start":{"line":4,"column":4},"end":{"line":4,"column":77}},"4":{"start":{"line":4,"column":21},"end":{"line":4,"column":69}},"5":{"start":{"line":5,"column":4},"end":{"line":13,"column":5}},"6":{"start":{"line":6,"column":8},"end":{"line":6,"column":40}},"7":{"start":{"line":7,"column":8},"end":{"line":7,"column":45}},"8":{"start":{"line":8,"column":8},"end":{"line":8,"column":32}},"9":{"start":{"line":10,"column":8},"end":{"line":10,"column":42}},"10":{"start":{"line":11,"column":8},"end":{"line":11,"column":43}},"11":{"start":{"line":12,"column":8},"end":{"line":12,"column":31}},"12":{"start":{"line":16,"column":21},"end":{"line":32,"column":1}},"13":{"start":{"line":17,"column":19},"end":{"line":17,"column":35}},"14":{"start":{"line":18,"column":4},"end":{"line":18,"column":81}},"15":{"start":{"line":18,"column":26},"end":{"line":18,"column":80}},"16":{"start":{"line":19,"column":4},"end":{"line":19,"column":48}},"17":{"start":{"line":21,"column":19},"end":{"line":21,"column":52}},"18":{"start":{"line":23,"column":4},"end":{"line":26,"column":12}},"19":{"start":{"line":24,"column":8},"end":{"line":24,"column":47}},"20":{"start":{"line":25,"column":8},"end":{"line":25,"column":44}},"21":{"start":{"line":28,"column":4},"end":{"line":31,"column":12}},"22":{"start":{"line":29,"column":8},"end":{"line":29,"column":47}},"23":{"start":{"line":30,"column":8},"end":{"line":30,"column":44}},"24":{"start":{"line":34,"column":0},"end":{"line":36,"column":1}},"25":{"start":{"line":35,"column":4},"end":{"line":35,"column":51}}},"fnMap":{"0":{"name":"(anonymous_0)","decl":{"start":{"line":1,"column":22},"end":{"line":1,"column":23}},"loc":{"start":{"line":1,"column":28},"end":{"line":14,"column":1}},"line":1},"1":{"name":"(anonymous_1)","decl":{"start":{"line":4,"column":15},"end":{"line":4,"column":16}},"loc":{"start":{"line":4,"column":21},"end":{"line":4,"column":69}},"line":4},"2":{"name":"(anonymous_2)","decl":{"start":{"line":16,"column":21},"end":{"line":16,"column":22}},"loc":{"start":{"line":16,"column":30},"end":{"line":32,"column":1}},"line":16},"3":{"name":"(anonymous_3)","decl":{"start":{"line":18,"column":20},"end":{"line":18,"column":21}},"loc":{"start":{"line":18,"column":26},"end":{"line":18,"column":80}},"line":18},"4":{"name":"(anonymous_4)","decl":{"start":{"line":23,"column":15},"end":{"line":23,"column":16}},"loc":{"start":{"line":23,"column":21},"end":{"line":26,"column":5}},"line":23},"5":{"name":"(anonymous_5)","decl":{"start":{"line":28,"column":15},"end":{"line":28,"column":16}},"loc":{"start":{"line":28,"column":21},"end":{"line":31,"column":5}},"line":28}},"branchMap":{"0":{"loc":{"start":{"line":5,"column":4},"end":{"line":13,"column":5}},"type":"if","locations":[{"start":{"line":5,"column":4},"end":{"line":13,"column":5}},{"start":{"line":9,"column":11},"end":{"line":13,"column":5}}],"line":5},"1":{"loc":{"start":{"line":34,"column":0},"end":{"line":36,"column":1}},"type":"if","locations":[{"start":{"line":34,"column":0},"end":{"line":36,"column":1}},{"start":{},"end":{}}],"line":34},"2":{"loc":{"start":{"line":34,"column":4},"end":{"line":34,"column":51}},"type":"binary-expr","locations":[{"start":{"line":34,"column":4},"end":{"line":34,"column":33}},{"start":{"line":34,"column":37},"end":{"line":34,"column":51}}],"line":34}},"s":{"0":1,"1":2,"2":2,"3":2,"4":0,"5":2,"6":1,"7":1,"8":1,"9":1,"10":1,"11":1,"12":1,"13":1,"14":1,"15":0,"16":1,"17":1,"18":1,"19":1,"20":1,"21":1,"22":1,"23":1,"24":1,"25":1},"f":{"0":2,"1":0,"2":1,"3":0,"4":1,"5":1},"b":{"0":[1,1],"1":[1,0],"2":[1,1]},"_coverageSchema":"1a1c01bbd47fc00a2c39e90264f33305004495a9","hash":"b7037f81bb8e6d2d879c0cca0287334f7baf6573"}
}
