TN:
SF:static\js\script.js
FN:7,(anonymous_0)
FN:10,(anonymous_1)
FN:27,(anonymous_2)
FN:29,(anonymous_3)
FN:39,(anonymous_4)
FNF:5
FNH:4
FNDA:2,(anonymous_0)
FNDA:2,(anonymous_1)
FNDA:1,(anonymous_2)
FNDA:0,(anonymous_3)
FNDA:1,(anonymous_4)
DA:7,1
DA:8,2
DA:9,2
DA:10,2
DA:11,2
DA:12,1
DA:13,1
DA:14,1
DA:16,1
DA:17,1
DA:18,1
DA:27,1
DA:28,1
DA:29,1
DA:30,1
DA:32,1
DA:34,1
DA:35,1
DA:36,1
DA:37,1
DA:39,1
DA:40,1
DA:41,1
DA:42,1
DA:46,1
LF:25
LH:25
BRDA:11,0,0,1
BRDA:11,0,1,1
BRDA:46,1,0,1
BRDA:46,1,1,1
BRDA:46,1,2,1
BRF:5
BRH:5
end_of_record
TN:
SF:static\js\toast.js
FN:22,(anonymous_0)
FN:23,(anonymous_1)
FN:26,(anonymous_2)
FN:28,(anonymous_3)
FN:28,(anonymous_4)
FN:31,(anonymous_5)
FN:36,(anonymous_6)
FN:36,(anonymous_7)
FN:38,(anonymous_8)
FNF:9
FNH:9
FNDA:2,(anonymous_0)
FNDA:2,(anonymous_1)
FNDA:3,(anonymous_2)
FNDA:4,(anonymous_3)
FNDA:1,(anonymous_4)
FNDA:3,(anonymous_5)
FNDA:2,(anonymous_6)
FNDA:4,(anonymous_7)
FNDA:1,(anonymous_8)
DA:5,1
DA:22,2
DA:23,2
DA:26,3
DA:28,4
DA:29,1
DA:32,3
DA:33,3
DA:36,4
DA:39,1
DA:41,1
DA:49,1
LF:12
LH:12
BRDA:29,0,0,1
BRDA:29,0,1,1
BRDA:49,1,0,1
BRDA:49,1,1,1
BRDA:49,1,2,1
BRF:5
BRH:5
end_of_record
