TN:
SF:static\js\script.js
FN:1,(anonymous_0)
FN:4,(anonymous_1)
FN:16,(anonymous_2)
FN:18,(anonymous_3)
FN:23,(anonymous_4)
FN:28,(anonymous_5)
FNF:6
FNH:4
FNDA:2,(anonymous_0)
FNDA:0,(anonymous_1)
FNDA:1,(anonymous_2)
FNDA:0,(anonymous_3)
FNDA:1,(anonymous_4)
FNDA:1,(anonymous_5)
DA:1,1
DA:2,2
DA:3,2
DA:4,2
DA:5,2
DA:6,1
DA:7,1
DA:8,1
DA:10,1
DA:11,1
DA:12,1
DA:16,1
DA:17,1
DA:18,1
DA:19,1
DA:21,1
DA:23,1
DA:24,1
DA:25,1
DA:28,1
DA:29,1
DA:30,1
DA:34,1
DA:35,1
LF:24
LH:24
BRDA:5,0,0,1
BRDA:5,0,1,1
BRDA:34,1,0,1
BRDA:34,1,1,0
BRDA:34,2,0,1
BRDA:34,2,1,1
BRF:6
BRH:5
end_of_record
